10:43:59,145 DEBUG [SabreUtils] (Pss-PnrSvc--MOM-Consumer-Thread-0:) ---- REQUEST fragment 0 ----
10:43:59,145 DEBUG [SabreUtils] (Pss-PnrSvc--MOM-Consumer-Thread-0:) Len  -                 Hex                        ASCII               SABRE
10:43:59,145 DEBUG [SabreUtils] (Pss-PnrSvc--MOM-Consumer-Thread-0:) ---- - -----------------------------------  ------------------  ------------------
10:43:59,145 DEBUG [SabreUtils] (Pss-PnrSvc--MOM-Consumer-Thread-0:) 0000 - D7D5D9D6 D9E2C540 03C1E2E2 D5E2461D  |.......@......F.|  |PNRORSE .ASSNS..|
10:43:59,145 DEBUG [SabreUtils] (Pss-PnrSvc--MOM-Consumer-Thread-0:) 0010 - F1F0F4F3 C1C10000 00000468 4C6FA794  |...........hLo..|  |1043AA......<?xm|
10:43:59,145 DEBUG [SabreUtils] (Pss-PnrSvc--MOM-Consumer-Thread-0:) 0020 - 9340A585 99A28996 957E7FF1 4BF07F40  |.@.......~.K.@|  |l version="1.0" |
10:43:59,145 DEBUG [SabreUtils] (Pss-PnrSvc--MOM-Consumer-Thread-0:) 0030 - 85958396 84899587 7E7FE4E3 C660F87F  |........~...`.|  |encoding="UTF-8"|
10:43:59,145 DEBUG [SabreUtils] (Pss-PnrSvc--MOM-Consumer-Thread-0:) 0040 - 6F6E4C81 A3884083 998581A3 85E38994  |onL...@.........|  |?><ath createTim|
10:43:59,145 DEBUG [SabreUtils] (Pss-PnrSvc--MOM-Consumer-Thread-0:) 0050 - 857E7F60 F3F5F6F3 F1F1F4F8 F7F5F5F3  |.~`............|  |e="-356311487553|
10:43:59,145 DEBUG [SabreUtils] (Pss-PnrSvc--MOM-Consumer-Thread-0:) 0060 - F5F3F9F5 F9F6F87F 40848999 8583A396  |.......@.......|  |5395968" directo|
10:43:59,145 DEBUG [SabreUtils] (Pss-PnrSvc--MOM-Consumer-Thread-0:) 0070 - 99A8C9C4 7E7FF07F 40A285A2 A2899695  |....~.@.......|  |ryID="0" session|
10:43:59,145 DEBUG [SabreUtils] (Pss-PnrSvc--MOM-Consumer-Thread-0:) 0080 - D48799C3 9695A385 A7A3D581 94857E7F  |..............~|  |MgrContextName="|
10:43:59,146 DEBUG [SabreUtils] (Pss-PnrSvc--MOM-Consumer-Thread-0:) 0090 - E2888199 858461C9 C4D37AC9 8385E285  |......a...z.....|  |Shared/IDL:IceSe|
10:43:59,146 DEBUG [SabreUtils] (Pss-PnrSvc--MOM-Consumer-Thread-0:) 00A0 - A2A2E061 E285A2A2 D487997A F1E04BF0  |...a.......z..K.|  |ss\/SessMgr:1\.0|
10:43:59,146 DEBUG [SabreUtils] (Pss-PnrSvc--MOM-Consumer-Thread-0:) 00B0 - 4BC9C4D3 61C39694 94969561 7F40A285  |K...a......a@..|  |.IDL/Common/" se|
10:43:59,146 DEBUG [SabreUtils] (Pss-PnrSvc--MOM-Consumer-Thread-0:) 00C0 - A2A28996 95D48799 C4899985 83A3D581  |................|  |ssionMgrDirectNa|
10:43:59,146 DEBUG [SabreUtils] (Pss-PnrSvc--MOM-Consumer-Thread-0:) 00D0 - 94857E7F C9C3C5E2 D4E2E061 E2E3E2C1  |..~.......a....|  |me="ICESMS\/STSA|
10:43:59,146 DEBUG [SabreUtils] (Pss-PnrSvc--MOM-Consumer-Thread-0:) 00E0 - 7F40A285 A2A28996 95D48799 D3C2D581  |@..............|  |" sessionMgrLBNa|
10:43:59,146 DEBUG [SabreUtils] (Pss-PnrSvc--MOM-Consumer-Thread-0:) 00F0 - 94857E7F C9C3C5E2 D4E2D3C2 E061E2E3  |..~.........a..|  |me="ICESMSLB\/ST|
10:43:59,146 DEBUG [SabreUtils] (Pss-PnrSvc--MOM-Consumer-Thread-0:) 0100 - E24BD3C2 7F40A285 A2A28996 95D98583  |.K..@..........|  |S.LB" sessionRec|
10:43:59,146 DEBUG [SabreUtils] (Pss-PnrSvc--MOM-Consumer-Thread-0:) 0110 - 969984C9 C47E7FF1 F1F8F1F1 F5F27F6E  |.....~.......n|  |ordID="1181152">|
10:43:59,146 DEBUG [SabreUtils] (Pss-PnrSvc--MOM-Consumer-Thread-0:) 0120 - 4CA58599 A2899695 40948191 96997E7F  |L.......@.....~|  |<version major="|
10:43:59,146 DEBUG [SabreUtils] (Pss-PnrSvc--MOM-Consumer-Thread-0:) 0130 - F17F4094 89959699 7E7FF57F 616E4CC1  |.@.....~.anL.|  |1" minor="5"/><A|
10:43:59,146 DEBUG [SabreUtils] (Pss-PnrSvc--MOM-Consumer-Thread-0:) 0140 - E3C8E2A3 99899587 6EE28881 99858461  |........n......a|  |THString>Shared/|
10:43:59,146 DEBUG [SabreUtils] (Pss-PnrSvc--MOM-Consumer-Thread-0:) 0150 - C9C4D37A C98385E2 85A2A2E0 61E285A2  |...z........a...|  |IDL:IceSess\/Ses|
10:43:59,146 DEBUG [SabreUtils] (Pss-PnrSvc--MOM-Consumer-Thread-0:) 0160 - A2D48799 7AF1E04B F04BC9C4 D361C396  |....z..K.K...a..|  |sMgr:1\.0.IDL/Co|
10:43:59,146 DEBUG [SabreUtils] (Pss-PnrSvc--MOM-Consumer-Thread-0:) 0170 - 94949695 615AC9C3 C5E2D4E2 E061E2E3  |....aZ.......a..|  |mmon/!ICESMS\/ST|
10:43:59,146 DEBUG [SabreUtils] (Pss-PnrSvc--MOM-Consumer-Thread-0:) 0180 - E2C15AC9 C3C5E2D4 E2D3C2E0 61E2E3E2  |..Z.........a...|  |SA!ICESMSLB\/STS|
10:43:59,146 DEBUG [SabreUtils] (Pss-PnrSvc--MOM-Consumer-Thread-0:) 0190 - 4BD3C25A 60F3F5F6 F3F1F1F4 F8F7F5F5  |K..Z`...........|  |.LB!-35631148755|
10:43:59,146 DEBUG [SabreUtils] (Pss-PnrSvc--MOM-Consumer-Thread-0:) 01A0 - F3F5F3F9 F5F9F6F8 5AF1F1F8 F1F1F5F2  |........Z.......|  |35395968!1181152|
10:43:59,146 DEBUG [SabreUtils] (Pss-PnrSvc--MOM-Consumer-Thread-0:) 01B0 - 5AF04C61 C1E3C8E2 A3998995 876E4C93  |Z.La.........nL.|  |!0</ATHString><l|
10:43:59,146 DEBUG [SabreUtils] (Pss-PnrSvc--MOM-Consumer-Thread-0:) 01C0 - 96878789 9587C396 95A385A7 A3408197  |.............@..|  |oggingContext ap|
10:43:59,146 DEBUG [SabreUtils] (Pss-PnrSvc--MOM-Consumer-Thread-0:) 01D0 - 97D385A5 85937E7F F17F4081 A48489A3  |......~.@.....|  |pLevel="1" audit|
10:43:59,146 DEBUG [SabreUtils] (Pss-PnrSvc--MOM-Consumer-Thread-0:) 01E0 - D385A585 937E7FF1 7F408289 93938995  |.....~.@......|  |Level="1" billin|
10:43:59,146 DEBUG [SabreUtils] (Pss-PnrSvc--MOM-Consumer-Thread-0:) 01F0 - 87D385A5 85937E7F F17F4094 85A39989  |......~.@.....|  |gLevel="1" metri|
10:43:59,146 DEBUG [SabreUtils] (Pss-PnrSvc--MOM-Consumer-Thread-0:) 0200 - 83A2D385 A585937E 7FF17F40 A28583A4  |.......~.@....|  |csLevel="1" secu|
10:43:59,146 DEBUG [SabreUtils] (Pss-PnrSvc--MOM-Consumer-Thread-0:) 0210 - 9989A3A8 D385A585 937E7FF1 7F616E4C  |.........~.anL|  |rityLevel="1"/><|
10:43:59,146 DEBUG [SabreUtils] (Pss-PnrSvc--MOM-Consumer-Thread-0:) 0220 - A28583A4 9989A3A8 C39695A3 85A7A36E  |...............n|  |securityContext>|
10:43:59,146 DEBUG [SabreUtils] (Pss-PnrSvc--MOM-Consumer-Thread-0:) 0230 - 4CA4A285 99408186 86899389 81A38996  |L....@..........|  |<user affiliatio|
10:43:59,146 DEBUG [SabreUtils] (Pss-PnrSvc--MOM-Consumer-Thread-0:) 0240 - 95839684 857E7FF1 7F408299 81958388  |.....~.@......|  |ncode="1" branch|
10:43:59,146 DEBUG [SabreUtils] (Pss-PnrSvc--MOM-Consumer-Thread-0:) 0250 - 7E7FF07F 40849694 8189957E 7FC1C17F  |~.@......~..|  |="0" domain="AA"|
10:43:59,146 DEBUG [SabreUtils] (Pss-PnrSvc--MOM-Consumer-Thread-0:) 0260 - 40879996 A4977E7F C1C1E27F 4089847E  |@.....~...@..~|  | group="AAS" id=|
10:43:59,146 DEBUG [SabreUtils] (Pss-PnrSvc--MOM-Consumer-Thread-0:) 0270 - 7FF2F1F8 F3F2F97F 40A2A381 A3899695  |......@.......|  |"218329" station|
10:43:59,146 DEBUG [SabreUtils] (Pss-PnrSvc--MOM-Consumer-Thread-0:) 0280 - 7E7FF07F 616E4C61 A28583A4 9989A3A8  |~.anLa........|  |="0"/></security|
10:43:59,146 DEBUG [SabreUtils] (Pss-PnrSvc--MOM-Consumer-Thread-0:) 0290 - C39695A3 85A7A36E 4CA285A2 A2899695  |.......nL.......|  |Context><session|
10:43:59,146 DEBUG [SabreUtils] (Pss-PnrSvc--MOM-Consumer-Thread-0:) 02A0 - C39695A3 85A7A340 8183A389 A585E389  |.......@........|  |Context activeTi|
10:43:59,146 DEBUG [SabreUtils] (Pss-PnrSvc--MOM-Consumer-Thread-0:) 02B0 - 948596A4 A37E7FF0 7F408399 8581A385  |.....~.@......|  |meout="0" create|
10:43:59,146 DEBUG [SabreUtils] (Pss-PnrSvc--MOM-Consumer-Thread-0:) 02C0 - E3899485 7E7FF1F4 F2F4F7F0 F9F7F3F4  |....~..........|  |Time="1424709734|
10:43:59,146 DEBUG [SabreUtils] (Pss-PnrSvc--MOM-Consumer-Thread-0:) 02D0 - 7F408984 9385E389 948596A4 A37E7FF1  |@...........~.|  |" idleTimeout="1|
10:43:59,146 DEBUG [SabreUtils] (Pss-PnrSvc--MOM-Consumer-Thread-0:) 02E0 - F8F0F07F 409381A2 A3D49684 89868985  |...@...........|  |800" lastModifie|
10:43:59,146 DEBUG [SabreUtils] (Pss-PnrSvc--MOM-Consumer-Thread-0:) 02F0 - 84E38994 857E7FF1 F4F2F4F7 F0F9F8F3  |.....~.........|  |dTime="142470983|
10:43:59,146 DEBUG [SabreUtils] (Pss-PnrSvc--MOM-Consumer-Thread-0:) 0300 - F37F40A2 8598A485 958385D5 A4948285  |.@.............|  |3" sequenceNumbe|
10:43:59,146 DEBUG [SabreUtils] (Pss-PnrSvc--MOM-Consumer-Thread-0:) 0310 - 997E7FF0 7F40A399 8195A281 83A38996  |.~.@..........|  |r="0" transactio|
10:43:59,146 DEBUG [SabreUtils] (Pss-PnrSvc--MOM-Consumer-Thread-0:) 0320 - 95C9C47E 7FF07F6E 4CA285A2 A2899695  |...~.nL.......|  |nID="0"><session|
10:43:59,146 DEBUG [SabreUtils] (Pss-PnrSvc--MOM-Consumer-Thread-0:) 0330 - E58599A2 89969540 94819196 997E7FF1  |.......@.....~.|  |Version major="1|
10:43:59,146 DEBUG [SabreUtils] (Pss-PnrSvc--MOM-Consumer-Thread-0:) 0340 - 7F409489 9596997E 7FF07F61 6E4CA397  |@.....~.anL..|  |" minor="0"/><tp|
10:43:59,146 DEBUG [SabreUtils] (Pss-PnrSvc--MOM-Consumer-Thread-0:) 0350 - 86E285A2 A2899695 40A39786 C393A4A2  |........@.......|  |fSession tpfClus|
10:43:59,146 DEBUG [SabreUtils] (Pss-PnrSvc--MOM-Consumer-Thread-0:) 0360 - A38599D5 8194857E 7FA3A2A3 A24BA281  |.......~....K..|  |terName="tsts.sa|
10:43:59,146 DEBUG [SabreUtils] (Pss-PnrSvc--MOM-Consumer-Thread-0:) 0370 - 8299854B 8396947F 40A39786 C9A2C396  |...K...@.......|  |bre.com" tpfIsCo|
10:43:59,146 DEBUG [SabreUtils] (Pss-PnrSvc--MOM-Consumer-Thread-0:) 0380 - 95868987 D6A58599 99898484 85957E7F  |..............~|  |nfigOverridden="|
10:43:59,146 DEBUG [SabreUtils] (Pss-PnrSvc--MOM-Consumer-Thread-0:) 0390 - 868193A2 857F40A3 9786C9A2 C98385C3  |.....@.........|  |false" tpfIsIceC|
10:43:59,146 DEBUG [SabreUtils] (Pss-PnrSvc--MOM-Consumer-Thread-0:) 03A0 - 998581A3 85847E7F A399A485 7F40A397  |......~....@..|  |reated="true" tp|
10:43:59,146 DEBUG [SabreUtils] (Pss-PnrSvc--MOM-Consumer-Thread-0:) 03B0 - 86D39589 81A3817E 7FF2F8F7 F0F8F7F2  |.......~.......|  |fLniata="2870872|
10:43:59,146 DEBUG [SabreUtils] (Pss-PnrSvc--MOM-Consumer-Thread-0:) 03C0 - 7F408885 A7D39589 81A3817E 7FF28283  |@.........~...|  |" hexLniata="2bc|
10:43:59,146 DEBUG [SabreUtils] (Pss-PnrSvc--MOM-Consumer-Thread-0:) 03D0 - 85F5F87F 40A39786 D3968392 C9C47E7F  |...@.........~|  |e58" tpfLockID="|
10:43:59,146 DEBUG [SabreUtils] (Pss-PnrSvc--MOM-Consumer-Thread-0:) 03E0 - F2F1F3F8 F5F0F5F1 F17F40A3 9786D796  |.........@.....|  |213850511" tpfPo|
10:43:59,146 DEBUG [SabreUtils] (Pss-PnrSvc--MOM-Consumer-Thread-0:) 03F0 - 9693E3A8 97857E7F F07F40A3 9786D799  |......~.@.....|  |olType="0" tpfPr|
10:43:59,146 DEBUG [SabreUtils] (Pss-PnrSvc--MOM-Consumer-Thread-0:) 0400 - 96868993 85C389A3 A87E7F7F 40A39786  |.........~@...|  |ofileCity="" tpf|
10:43:59,146 DEBUG [SabreUtils] (Pss-PnrSvc--MOM-Consumer-Thread-0:) 0410 - D7999686 899385C3 9684857E 7F7F40A3  |...........~@.|  |ProfileCode="" t|
10:43:59,146 DEBUG [SabreUtils] (Pss-PnrSvc--MOM-Consumer-Thread-0:) 0420 - 9786D799 96868993 85D285A8 7E7F7F40  |............~@|  |pfProfileKey="" |
10:43:59,146 DEBUG [SabreUtils] (Pss-PnrSvc--MOM-Consumer-Thread-0:) 0430 - A39786D7 99968689 9385D581 94857E7F  |..............~|  |tpfProfileName="|
10:43:59,146 DEBUG [SabreUtils] (Pss-PnrSvc--MOM-Consumer-Thread-0:) 0440 - 7F40A397 86D79996 A3968396 937E7FC8  |@...........~.|  |" tpfProtocol="H|
10:43:59,146 DEBUG [SabreUtils] (Pss-PnrSvc--MOM-Consumer-Thread-0:) 0450 - E2E2D77F 40A39786 C595A385 99979989  |...@...........|  |SSP" tpfEnterpri|
10:43:59,146 DEBUG [SabreUtils] (Pss-PnrSvc--MOM-Consumer-Thread-0:) 0460 - A2857E7F E2C1C2D9 C57F616E 4C61A285  |..~.....anLa..|  |se="SABRE"/></se|
10:43:59,146 DEBUG [SabreUtils] (Pss-PnrSvc--MOM-Consumer-Thread-0:) 0470 - A2A28996 95C39695 A385A7A3 6E4C6181  |............nLa.|  |ssionContext></a|
10:43:59,146 DEBUG [SabreUtils] (Pss-PnrSvc--MOM-Consumer-Thread-0:) 0480 - A3886E00 00000000 00000000 00000000  |..n.............|  |th>.............|
10:43:59,146 DEBUG [SabreUtils] (Pss-PnrSvc--MOM-Consumer-Thread-0:) 0490 - 00000000 00000000 00000000 00000000  |................|  |................|
10:43:59,146 DEBUG [SabreUtils] (Pss-PnrSvc--MOM-Consumer-Thread-0:) 04A0 - 00000000 00000000 00000000 00000000  |................|  |................|
10:43:59,146 DEBUG [SabreUtils] (Pss-PnrSvc--MOM-Consumer-Thread-0:) 04B0 - 00000000 00000000 00000000 00000000  |................|  |................|
10:43:59,146 DEBUG [SabreUtils] (Pss-PnrSvc--MOM-Consumer-Thread-0:) 04C0 - 00000000 00000000 00000000 00000000  |................|  |................|
10:43:59,146 DEBUG [SabreUtils] (Pss-PnrSvc--MOM-Consumer-Thread-0:) 04D0 - 00000000 00000000 00000000 00000000  |................|  |................|
10:43:59,146 DEBUG [SabreUtils] (Pss-PnrSvc--MOM-Consumer-Thread-0:) 04E0 - 00000000 00000000 00000000 00000000  |................|  |................|
10:43:59,146 DEBUG [SabreUtils] (Pss-PnrSvc--MOM-Consumer-Thread-0:) 04F0 - 00000000 00000000 00000000 00000000  |................|  |................|
10:43:59,146 DEBUG [SabreUtils] (Pss-PnrSvc--MOM-Consumer-Thread-0:) 0500 - 00000000 00000000 00000000 00000000  |................|  |................|
10:43:59,146 DEBUG [SabreUtils] (Pss-PnrSvc--MOM-Consumer-Thread-0:) 0510 - 00000000 00000000 00000000 00000000  |................|  |................|
10:43:59,146 DEBUG [SabreUtils] (Pss-PnrSvc--MOM-Consumer-Thread-0:) 0520 - 00000000 00000000 00000000 00000000  |................|  |................|
10:43:59,146 DEBUG [SabreUtils] (Pss-PnrSvc--MOM-Consumer-Thread-0:) 0530 - 00000000 00000000 00000000 00000000  |................|  |................|
10:43:59,146 DEBUG [SabreUtils] (Pss-PnrSvc--MOM-Consumer-Thread-0:) 0540 - 00000000 00000000 00000000 00000000  |................|  |................|
10:43:59,146 DEBUG [SabreUtils] (Pss-PnrSvc--MOM-Consumer-Thread-0:) 0550 - 00000000 00000000 00000000 00000000  |................|  |................|
10:43:59,146 DEBUG [SabreUtils] (Pss-PnrSvc--MOM-Consumer-Thread-0:) 0560 - 00000000 00000000 00000000 00000000  |................|  |................|
10:43:59,146 DEBUG [SabreUtils] (Pss-PnrSvc--MOM-Consumer-Thread-0:) 0570 - 00000000 00000000 00000000 00000000  |................|  |................|
10:43:59,146 DEBUG [SabreUtils] (Pss-PnrSvc--MOM-Consumer-Thread-0:) 0580 - 00000000 00000000 00000000 00000000  |................|  |................|
10:43:59,146 DEBUG [SabreUtils] (Pss-PnrSvc--MOM-Consumer-Thread-0:) 0590 - 00000000 00000000 00000000 00000000  |................|  |................|
10:43:59,146 DEBUG [SabreUtils] (Pss-PnrSvc--MOM-Consumer-Thread-0:) 05A0 - 00000000 00000000 00000000 00000000  |................|  |................|
10:43:59,146 DEBUG [SabreUtils] (Pss-PnrSvc--MOM-Consumer-Thread-0:) 05B0 - 00000000 00000000 00000000 00000000  |................|  |................|
10:43:59,146 DEBUG [SabreUtils] (Pss-PnrSvc--MOM-Consumer-Thread-0:) 05C0 - 00000000 00000000 00000000 00000000  |................|  |................|
10:43:59,146 DEBUG [SabreUtils] (Pss-PnrSvc--MOM-Consumer-Thread-0:) 05D0 - 00000000 00000000 00000000 00000000  |................|  |................|
10:43:59,146 DEBUG [SabreUtils] (Pss-PnrSvc--MOM-Consumer-Thread-0:) 05E0 - 00000000 00000000 00000000 00000000  |................|  |................|
10:43:59,146 DEBUG [SabreUtils] (Pss-PnrSvc--MOM-Consumer-Thread-0:) 05F0 - 00000000 00000000 00000000 00000000  |................|  |................|
10:43:59,146 DEBUG [SabreUtils] (Pss-PnrSvc--MOM-Consumer-Thread-0:) 0600 - 00000000                             |....            |  |....            |
10:43:59,146 DEBUG [SabreUtils] (Pss-PnrSvc--MOM-Consumer-Thread-0:) ---- REQUEST fragment 1 ----
10:43:59,146 DEBUG [SabreUtils] (Pss-PnrSvc--MOM-Consumer-Thread-0:) Len  -                 Hex                        ASCII               SABRE
10:43:59,146 DEBUG [SabreUtils] (Pss-PnrSvc--MOM-Consumer-Thread-0:) ---- - -----------------------------------  ------------------  ------------------
10:43:59,146 DEBUG [SabreUtils] (Pss-PnrSvc--MOM-Consumer-Thread-0:) 0000 - C1E2E2D5 0000038E 01402000 01000000  |.........@ .....|  |ASSN..... ......|
10:43:59,146 DEBUG [SabreUtils] (Pss-PnrSvc--MOM-Consumer-Thread-0:) 0010 - 00000000 0000D400 00000120 0000C9C2  |........... ....|  |......M.......IB|
10:43:59,146 DEBUG [SabreUtils] (Pss-PnrSvc--MOM-Consumer-Thread-0:) 0020 - D3D3D6D7 00000000 0D11E0B6 00004616  |..............F.|  |LLOP......\.....|
10:43:59,146 DEBUG [SabreUtils] (Pss-PnrSvc--MOM-Consumer-Thread-0:) 0030 - 0A174640 1400CE8D 41376BB3 55A0461D  |..F@....A7k.U.F.|  |... ......,.....|
10:43:59,146 DEBUG [SabreUtils] (Pss-PnrSvc--MOM-Consumer-Thread-0:) 0040 - 00040000 001400C1 C100C6F4 E70000C1  |................|  |.......AA.F4X..A|
10:43:59,146 DEBUG [SabreUtils] (Pss-PnrSvc--MOM-Consumer-Thread-0:) 0050 - C1000A41 EE05CA5C D4E2F800 00000000  |...A...\........|  |A....<.*MS8.....|
10:43:59,146 DEBUG [SabreUtils] (Pss-PnrSvc--MOM-Consumer-Thread-0:) 0060 - C8C4D800 00000100 00000000 00000000  |................|  |HDQ.............|
10:43:59,146 DEBUG [SabreUtils] (Pss-PnrSvc--MOM-Consumer-Thread-0:) 0070 - 00000005 93000000 00000000 24000000  |............$...|  |...<l...........|
10:43:59,146 DEBUG [SabreUtils] (Pss-PnrSvc--MOM-Consumer-Thread-0:) 0080 - 00020040 00000020 0000A000 01000000  |...@... ........|  |... ............|
10:43:59,146 DEBUG [SabreUtils] (Pss-PnrSvc--MOM-Consumer-Thread-0:) 0090 - 00000000 00000000 00000002 C0000040  |...............@|  |............{.. |
10:43:59,146 DEBUG [SabreUtils] (Pss-PnrSvc--MOM-Consumer-Thread-0:) 00A0 - 003A0000 000B0000 46160A17 00000000  |.:......F.......|  |................|
10:43:59,146 DEBUG [SabreUtils] (Pss-PnrSvc--MOM-Consumer-Thread-0:) 00B0 - 00000000 00000000 00000000 00000000  |................|  |................|
10:43:59,146 DEBUG [SabreUtils] (Pss-PnrSvc--MOM-Consumer-Thread-0:) 00C0 - 00000000 00000000 00000000 0000C100  |................|  |..............A.|
10:43:59,146 DEBUG [SabreUtils] (Pss-PnrSvc--MOM-Consumer-Thread-0:) 00D0 - 00000334 F1A90000 00000000 00000000  |...4............|  |....1z..........|
10:43:59,146 DEBUG [SabreUtils] (Pss-PnrSvc--MOM-Consumer-Thread-0:) 00E0 - 000A0000 0000A902 5163C90A 5E3F0000  |........Qc..^?..|  |......z...I.;...|
10:43:59,146 DEBUG [SabreUtils] (Pss-PnrSvc--MOM-Consumer-Thread-0:) 00F0 - 00000000 00000000 00000000 00000000  |................|  |................|
10:43:59,146 DEBUG [SabreUtils] (Pss-PnrSvc--MOM-Consumer-Thread-0:) 0100 - 00000000 00000000 00000000 00000000  |................|  |................|
10:43:59,146 DEBUG [SabreUtils] (Pss-PnrSvc--MOM-Consumer-Thread-0:) 0110 - 00000000 00000000 00000000 00000000  |................|  |................|
10:43:59,146 DEBUG [SabreUtils] (Pss-PnrSvc--MOM-Consumer-Thread-0:) 0120 - 00000000 00000000 00000000 00000000  |................|  |................|
10:43:59,146 DEBUG [SabreUtils] (Pss-PnrSvc--MOM-Consumer-Thread-0:) 0130 - 00000000 00000000 00000000 00000000  |................|  |................|
10:43:59,146 DEBUG [SabreUtils] (Pss-PnrSvc--MOM-Consumer-Thread-0:) 0140 - 00000000 00000000 00BD3000 00003A00  |..........0...:.|  |.........]......|
10:43:59,146 DEBUG [SabreUtils] (Pss-PnrSvc--MOM-Consumer-Thread-0:) 0150 - 00000000 00000080 00000500 00010000  |................|  |..........<.....|
10:43:59,146 DEBUG [SabreUtils] (Pss-PnrSvc--MOM-Consumer-Thread-0:) 0160 - 04002020 0000C8D2 D5D54640 00000001  |..  ......F@....|  |......HKNN. ....|
10:43:59,146 DEBUG [SabreUtils] (Pss-PnrSvc--MOM-Consumer-Thread-0:) 0170 - C1C10002 C4C6E600 00D3C1E2 00000339  |...............9|  |AA..DFW..LAS....|
10:43:59,146 DEBUG [SabreUtils] (Pss-PnrSvc--MOM-Consumer-Thread-0:) 0180 - 03790000 E805CA00 0B000600 00000100  |.y..............|  |.`..Y<..........|
10:43:59,146 DEBUG [SabreUtils] (Pss-PnrSvc--MOM-Consumer-Thread-0:) 0190 - 0000000C 0012E800 C4C6E6D3 C1E20009  |................|  |......Y.DFWLAS..|
10:43:59,146 DEBUG [SabreUtils] (Pss-PnrSvc--MOM-Consumer-Thread-0:) 01A0 - 001300C5 50000000 06000C84 40001000  |....P.......@...|  |...E&......d ...|
10:43:59,146 DEBUG [SabreUtils] (Pss-PnrSvc--MOM-Consumer-Thread-0:) 01B0 - 0361C4C3 C1C15CC9 C2D3D3D6 D7000600  |.a....\.........|  |./DCAA*IBLLOP...|
10:43:59,146 DEBUG [SabreUtils] (Pss-PnrSvc--MOM-Consumer-Thread-0:) 01C0 - 14800000 07001102 0000000A 0015C8C4  |................|  |.............HD|
10:43:59,146 DEBUG [SabreUtils] (Pss-PnrSvc--MOM-Consumer-Thread-0:) 01D0 - D8C6F4E7 000C0018 0000C8E2 00000000  |................|  |QF4X......HS....|
10:43:59,146 DEBUG [SabreUtils] (Pss-PnrSvc--MOM-Consumer-Thread-0:) 01E0 - 00080007 026F4616 0017000E 00000098  |.....oF.........|  |....?.........q|
10:43:59,146 DEBUG [SabreUtils] (Pss-PnrSvc--MOM-Consumer-Thread-0:) 01F0 - 967FD1C6 D2015C00 00000000 00000000  |.....\.........|  |o"JFK.*.........|
10:43:59,146 DEBUG [SabreUtils] (Pss-PnrSvc--MOM-Consumer-Thread-0:) 0200 - 06001900 01003834 00000000 00000000  |......84........|  |................|
10:43:59,146 DEBUG [SabreUtils] (Pss-PnrSvc--MOM-Consumer-Thread-0:) 0210 - 00000000 80000006 00000100 000000C1  |................|  |...............A|
10:43:59,146 DEBUG [SabreUtils] (Pss-PnrSvc--MOM-Consumer-Thread-0:) 0220 - 00000100 00000000 D4E24000 12014040  |..........@...@@|  |........MS ...  |
10:43:59,146 DEBUG [SabreUtils] (Pss-PnrSvc--MOM-Consumer-Thread-0:) 0230 - 40404040 40404040 40404040 5C005134  |@@@@@@@@@@@@\.Q4|  |            *...|
10:43:59,146 DEBUG [SabreUtils] (Pss-PnrSvc--MOM-Consumer-Thread-0:) 0240 - 00000000 00000000 00000000 80000007  |................|  |...............|
10:43:59,146 DEBUG [SabreUtils] (Pss-PnrSvc--MOM-Consumer-Thread-0:) 0250 - 00000100 000000C1 00000100 00000000  |................|  |.......A........|
10:43:59,146 DEBUG [SabreUtils] (Pss-PnrSvc--MOM-Consumer-Thread-0:) 0260 - D4E24000 2B014040 40404040 40404040  |..@.+.@@@@@@@@@@|  |MS ...          |
10:43:59,146 DEBUG [SabreUtils] (Pss-PnrSvc--MOM-Consumer-Thread-0:) 0270 - 40404040 E3C8C9E2 40C9E240 E3C5E7E3  |@@@@....@..@....|  |    THIS IS TEXT|
10:43:59,146 DEBUG [SabreUtils] (Pss-PnrSvc--MOM-Consumer-Thread-0:) 0280 - 40C1C4E5 C5D9E3C9 E2C5D4C5 D5E30029  |@..............)|  | ADVERTISEMENT..|
10:43:59,146 DEBUG [SabreUtils] (Pss-PnrSvc--MOM-Consumer-Thread-0:) 0290 - 50000000 24000000 00000000 00800000  |P...$...........|  |&...............|
10:43:59,146 DEBUG [SabreUtils] (Pss-PnrSvc--MOM-Consumer-Thread-0:) 02A0 - 03000800 0201F1E3 C5E2E361 C1E2E2D6  |...........a....|  |......1TEST/ASSO|
10:43:59,146 DEBUG [SabreUtils] (Pss-PnrSvc--MOM-Consumer-Thread-0:) 02B0 - C3C9C1E3 C9D6D500 17580000 00120000  |.........X......|  |CIATION.........|
10:43:59,146 DEBUG [SabreUtils] (Pss-PnrSvc--MOM-Consumer-Thread-0:) 02C0 - 00000000 00008000 00080001 D4E20024  |...............$|  |............MS..|
10:43:59,146 DEBUG [SabreUtils] (Pss-PnrSvc--MOM-Consumer-Thread-0:) 02D0 - 5C000000 1F000000 00000000 00800000  |\...............|  |*...............|
10:43:59,146 DEBUG [SabreUtils] (Pss-PnrSvc--MOM-Consumer-Thread-0:) 02E0 - 0A0001E6 C3C3F1F1 F160F1F1 F160F1F1  |.........`...`..|  |...WCC111-111-11|
10:43:59,146 DEBUG [SabreUtils] (Pss-PnrSvc--MOM-Consumer-Thread-0:) 02F0 - F1F10018 68000000 13000000 00000000  |....h...........|  |11..............|
10:43:59,146 DEBUG [SabreUtils] (Pss-PnrSvc--MOM-Consumer-Thread-0:) 0300 - 00800000 090001E3 60D2001F 70000000  |........`...p...|  |.......T-K......|
10:43:59,146 DEBUG [SabreUtils] (Pss-PnrSvc--MOM-Consumer-Thread-0:) 0310 - 1A000000 00000000 00C00000 0B0001F1  |................|  |.........{.....1|
10:43:59,146 DEBUG [SabreUtils] (Pss-PnrSvc--MOM-Consumer-Thread-0:) 0320 - F2F3F4F5 F6F7F8F9 F0001F74 0000001A  |...........t....|  |234567890.......|
10:43:59,146 DEBUG [SabreUtils] (Pss-PnrSvc--MOM-Consumer-Thread-0:) 0330 - 00000000 00000000 80000004 000201E3  |................|  |...............T|
10:43:59,146 DEBUG [SabreUtils] (Pss-PnrSvc--MOM-Consumer-Thread-0:) 0340 - 0000C1C4 E3000000 0023B000 00001E00  |.........#......|  |..ADT...........|
10:43:59,146 DEBUG [SabreUtils] (Pss-PnrSvc--MOM-Consumer-Thread-0:) 0350 - 00000000 00000084 00001300 00000000  |................|  |.......d........|
10:43:59,146 DEBUG [SabreUtils] (Pss-PnrSvc--MOM-Consumer-Thread-0:) 0360 - 01D9C5D4 C1D9D240 D6D5C500 23B00000  |.......@....#...|  |.REMARK ONE.....|
10:43:59,146 DEBUG [SabreUtils] (Pss-PnrSvc--MOM-Consumer-Thread-0:) 0370 - 001E0000 00000000 00D50400 00148000  |................|  |.........N......|
10:43:59,146 DEBUG [SabreUtils] (Pss-PnrSvc--MOM-Consumer-Thread-0:) 0380 - 00000001 D9C5D4C1 D9D240D6 D5C5      |..........@...  |  |....REMARK ONE  |
10:43:59,146 DEBUG [SabreUtils] (Pss-PnrSvc--MOM-Consumer-Thread-0:) ---- REQUEST fragment 2 ----
10:43:59,146 DEBUG [SabreUtils] (Pss-PnrSvc--MOM-Consumer-Thread-0:) Len  -                 Hex                        ASCII               SABRE
10:43:59,146 DEBUG [SabreUtils] (Pss-PnrSvc--MOM-Consumer-Thread-0:) ---- - -----------------------------------  ------------------  ------------------
10:43:59,146 DEBUG [SabreUtils] (Pss-PnrSvc--MOM-Consumer-Thread-0:) 0000 - 0014EF01 E2E5C3D9 C5D840E2 E3C1D9E3  |..........@.....|  |....SVCREQ START|
10:43:59,146 DEBUG [SabreUtils] (Pss-PnrSvc--MOM-Consumer-Thread-0:) 0010 - 0000003C C3D6D4D4 C9E3C3C1 D9E30000  |...<............|  |....COMMITCART..|
10:43:59,146 DEBUG [SabreUtils] (Pss-PnrSvc--MOM-Consumer-Thread-0:) 0020 - 00000000 00000004 0000000B 0010EF01  |................|  |................|
10:43:59,146 DEBUG [SabreUtils] (Pss-PnrSvc--MOM-Consumer-Thread-0:) 0030 - E2E5C3D9 C5D840C5 D5C4E240           |......@....@    |  |SVCREQ ENDS     |
10:43:59,146 DEBUG [SabreUtils] (Pss-PnrSvc--MOM-Consumer-Thread-0:) ---- REQUEST fragment 3 ----
10:43:59,146 DEBUG [SabreUtils] (Pss-PnrSvc--MOM-Consumer-Thread-0:) Len  -                 Hex                        ASCII               SABRE
10:43:59,146 DEBUG [SabreUtils] (Pss-PnrSvc--MOM-Consumer-Thread-0:) ---- - -----------------------------------  ------------------  ------------------
10:43:59,146 DEBUG [SabreUtils] (Pss-PnrSvc--MOM-Consumer-Thread-0:) 0000 - 0014EF01 C5E7C4C1 E3C140E2 E3C1D9E3  |..........@.....|  |....EXDATA START|
10:43:59,146 DEBUG [SabreUtils] (Pss-PnrSvc--MOM-Consumer-Thread-0:) 0010 - 00000024 0010EF01 C5E7C4C1 E3C140C5  |...$..........@.|  |........EXDATA E|
10:43:59,146 DEBUG [SabreUtils] (Pss-PnrSvc--MOM-Consumer-Thread-0:) 0020 - D5C4E240                             |...@            |  |NDS             |
10:43:59,146 DEBUG [SabreUtils] (Pss-PnrSvc--MOM-Consumer-Thread-0:) ---- REQUEST fragment 4 ----
10:43:59,146 DEBUG [SabreUtils] (Pss-PnrSvc--MOM-Consumer-Thread-0:) Len  -                 Hex                        ASCII               SABRE
10:43:59,146 DEBUG [SabreUtils] (Pss-PnrSvc--MOM-Consumer-Thread-0:) ---- - -----------------------------------  ------------------  ------------------
10:43:59,146 DEBUG [SabreUtils] (Pss-PnrSvc--MOM-Consumer-Thread-0:) 0000 - 0014EF01 C7E2C4C1 E3C140E2 E3C1D9E3  |..........@.....|  |....GSDATA START|
10:43:59,146 DEBUG [SabreUtils] (Pss-PnrSvc--MOM-Consumer-Thread-0:) 0010 - 00000024 0010EF01 C7E2C4C1 E3C140C5  |...$..........@.|  |........GSDATA E|
10:43:59,146 DEBUG [SabreUtils] (Pss-PnrSvc--MOM-Consumer-Thread-0:) 0020 - D5C4E240                             |...@            |  |NDS             |
